C51 COMPILER V9.54   TASK                                                                  03/07/2017 17:45:06 PAGE 1   


C51 COMPILER V9.54, COMPILATION OF MODULE TASK
OBJECT MODULE PLACED IN ..\debug\task.obj
COMPILER INVOKED BY: I:\Keil_v5\C51\BIN\C51.EXE ..\task\task.c OMF2 OPTIMIZE(8,SPEED) BROWSE INCDIR(..\SCH51;..\task) DE
                    -BUG PRINT(.\task.lst) TABS(2) OBJECT(..\debug\task.obj)

line level    source

   1          /*--------------------------------------*-
   2          文件：task.c
   3          时间：2016年3月30日
   4          作者：HWY
   5          版本：V1.0
   6          -*---------------------------------------*/
   7          
   8          #include "includes.h"
   9          
  10          
  11          //cooperative,合作式任务  
  12          void Task_LED_250ms    (void)
  13          {
  14   1        //250ms任务调度一次
  15   1        P1 = (P1 + 1)%16;
  16   1      }
  17          
  18          
  19          //cooperative,合作式任务  
  20          void  Task_Pulse_500ms  (void)
  21          {
  22   1        //400ms任务调度一次
  23   1        SendOneByte('V');   //通过 串口发生数据给上位机
  24   1      }
  25          
  26          //reemptive,抢占式任务
  27          void  Task_Pulse_Button  (void)
  28          {
  29   1      
  30   1          /*这里可以添加自己的代码*/
  31   1      }
  32          
  33          /*------------------------------------------------------------------*-
  34          -*--------------------     END OF FILE     ---------------------------
  35          -*------------------------------------------------------------------*/


MODULE INFORMATION:   STATIC OVERLAYABLE
   CODE SIZE        =     14    ----
   CONSTANT SIZE    =   ----    ----
   XDATA SIZE       =   ----    ----
   PDATA SIZE       =   ----    ----
   DATA SIZE        =   ----    ----
   IDATA SIZE       =   ----    ----
   BIT SIZE         =   ----    ----
   EDATA SIZE       =   ----    ----
   HDATA SIZE       =   ----    ----
   XDATA CONST SIZE =   ----    ----
   FAR CONST SIZE   =   ----    ----
END OF MODULE INFORMATION.


C51 COMPILATION COMPLETE.  0 WARNING(S),  0 ERROR(S)
